Arguments: 
  /usr/local/bin/node /usr/local/Cellar/yarn/1.21.1/libexec/bin/yarn.js

PATH: 
  /Users/twanluttik/.cargo/bin:/usr/local/bin:/usr/bin:/bin:/usr/sbin:/sbin:/Users/twanluttik/.cargo/bin

Yarn version: 
  1.21.1

Node version: 
  12.14.0

Platform: 
  darwin x64

Trace: 
  Error: https://registry.yarnpkg.com/philipse-hue-js: Not found
      at Request.params.callback [as _callback] (/usr/local/Cellar/yarn/1.21.1/libexec/lib/cli.js:66947:18)
      at Request.self.callback (/usr/local/Cellar/yarn/1.21.1/libexec/lib/cli.js:140665:22)
      at Request.emit (events.js:210:5)
      at Request.<anonymous> (/usr/local/Cellar/yarn/1.21.1/libexec/lib/cli.js:141637:10)
      at Request.emit (events.js:210:5)
      at IncomingMessage.<anonymous> (/usr/local/Cellar/yarn/1.21.1/libexec/lib/cli.js:141559:12)
      at Object.onceWrapper (events.js:299:28)
      at IncomingMessage.emit (events.js:215:7)
      at endReadableNT (_stream_readable.js:1184:12)
      at processTicksAndRejections (internal/process/task_queues.js:80:21)

npm manifest: 
  {
    "name": "philipshue",
    "version": "0.1.0",
    "private": true,
    "main": "index.js",
    "repository": "git@github.com:TwanLuttik/philipshue.git",
    "author": "Twan Luttik <twanluttik@gmail.com>",
    "license": "MIT",
    "scripts": {
      "serve": "vue-cli-service serve",
      "build": "vue-cli-service build",
      "lint": "vue-cli-service lint"
    },
    "dependencies": {
      "core-js": "^3.6.4",
      "philipse-hue-js": "^1.0.0",
      "vue": "^2.6.11",
      "vue-router": "^3.1.5"
    },
    "devDependencies": {
      "@vue/cli-plugin-babel": "^4.2.0",
      "@vue/cli-plugin-eslint": "^4.2.0",
      "@vue/cli-plugin-router": "^4.2.0",
      "@vue/cli-service": "^4.2.0",
      "babel-eslint": "^10.0.3",
      "eslint": "^6.7.2",
      "eslint-plugin-vue": "^6.1.2",
      "vue-template-compiler": "^2.6.11"
    },
    "workspaces": [
      "philipshue.core/*",
      "philipshue.web/*"
    ]
  }

yarn manifest: 
  No manifest

Lockfile: 
  No lockfile
